{"/home/leaoerikaleao/dev/project-test/business/files.test.js":{"path":"/home/leaoerikaleao/dev/project-test/business/files.test.js","s":{"1":1,"2":1,"3":1,"4":1,"5":1,"6":1,"7":2,"8":2,"9":1,"10":1,"11":1,"12":1,"13":1,"14":1,"15":1,"16":1,"17":1,"18":1,"19":1,"20":1,"21":1,"22":1},"b":{},"f":{},"fnMap":{},"statementMap":{"1":{"start":{"line":1,"column":0},"end":{"line":1,"column":32}},"2":{"start":{"line":2,"column":0},"end":{"line":2,"column":31}},"3":{"start":{"line":3,"column":0},"end":{"line":3,"column":24}},"4":{"start":{"line":4,"column":0},"end":{"line":4,"column":30}},"5":{"start":{"line":11,"column":0},"end":{"line":39,"column":2}},"6":{"start":{"line":13,"column":4},"end":{"line":16,"column":6}},"7":{"start":{"line":14,"column":8},"end":{"line":14,"column":28}},"8":{"start":{"line":15,"column":8},"end":{"line":15,"column":14}},"9":{"start":{"line":17,"column":4},"end":{"line":26,"column":6}},"10":{"start":{"line":18,"column":8},"end":{"line":20,"column":10}},"11":{"start":{"line":19,"column":12},"end":{"line":19,"column":34}},"12":{"start":{"line":21,"column":8},"end":{"line":21,"column":25}},"13":{"start":{"line":22,"column":8},"end":{"line":25,"column":10}},"14":{"start":{"line":23,"column":12},"end":{"line":23,"column":43}},"15":{"start":{"line":24,"column":12},"end":{"line":24,"column":64}},"16":{"start":{"line":28,"column":4},"end":{"line":38,"column":6}},"17":{"start":{"line":29,"column":8},"end":{"line":31,"column":10}},"18":{"start":{"line":30,"column":12},"end":{"line":30,"column":23}},"19":{"start":{"line":32,"column":8},"end":{"line":32,"column":25}},"20":{"start":{"line":33,"column":8},"end":{"line":37,"column":14}},"21":{"start":{"line":35,"column":16},"end":{"line":35,"column":45}},"22":{"start":{"line":36,"column":16},"end":{"line":36,"column":68}}},"branchMap":{}},"/home/leaoerikaleao/dev/project-test/business/files.js":{"path":"/home/leaoerikaleao/dev/project-test/business/files.js","s":{"1":1,"2":1,"3":2,"4":2,"5":2,"6":1,"7":1,"8":1},"b":{"1":[1,1]},"f":{},"fnMap":{},"statementMap":{"1":{"start":{"line":1,"column":0},"end":{"line":1,"column":24}},"2":{"start":{"line":3,"column":0},"end":{"line":13,"column":1}},"3":{"start":{"line":4,"column":4},"end":{"line":12,"column":6}},"4":{"start":{"line":5,"column":8},"end":{"line":11,"column":10}},"5":{"start":{"line":6,"column":12},"end":{"line":10,"column":13}},"6":{"start":{"line":7,"column":16},"end":{"line":7,"column":27}},"7":{"start":{"line":9,"column":16},"end":{"line":9,"column":29}},"8":{"start":{"line":15,"column":0},"end":{"line":17,"column":1}}},"branchMap":{"1":{"line":6,"type":"if","locations":[{"start":{"line":6,"column":12},"end":{"line":6,"column":12}},{"start":{"line":6,"column":12},"end":{"line":6,"column":12}}]}}},"/home/leaoerikaleao/dev/project-test/business/rates.test.js":{"path":"/home/leaoerikaleao/dev/project-test/business/rates.test.js","s":{"1":1,"2":1,"3":1,"4":1,"5":1,"6":1,"7":1,"8":1},"b":{},"f":{},"fnMap":{},"statementMap":{"1":{"start":{"line":1,"column":0},"end":{"line":1,"column":32}},"2":{"start":{"line":2,"column":0},"end":{"line":2,"column":37}},"3":{"start":{"line":5,"column":0},"end":{"line":13,"column":2}},"4":{"start":{"line":6,"column":4},"end":{"line":12,"column":6}},"5":{"start":{"line":7,"column":8},"end":{"line":7,"column":56}},"6":{"start":{"line":8,"column":8},"end":{"line":8,"column":40}},"7":{"start":{"line":10,"column":8},"end":{"line":10,"column":55}},"8":{"start":{"line":11,"column":8},"end":{"line":11,"column":39}}},"branchMap":{}},"/home/leaoerikaleao/dev/project-test/business/rates.js":{"path":"/home/leaoerikaleao/dev/project-test/business/rates.js","s":{"1":1,"2":2,"3":1},"b":{},"f":{},"fnMap":{},"statementMap":{"1":{"start":{"line":2,"column":0},"end":{"line":2,"column":53}},"2":{"start":{"line":2,"column":31},"end":{"line":2,"column":53}},"3":{"start":{"line":4,"column":0},"end":{"line":6,"column":1}}},"branchMap":{}}}